# JRE version: Java(TM) SE Runtime Environment (22.0+36) (build 22+36-2370)
# Java VM: Java HotSpot(TM) 64-Bit Server VM (22+36-2370, mixed mode, sharing, tiered, compressed oops, compressed class ptrs, g1 gc, windows-amd64)
GC Precious Log:
 CardTable entry size: 512
 Card Set container configuration: InlinePtr #cards 5 size 8 Array Of Cards #cards 12 size 40 Howl #buckets 4 coarsen threshold 1843 Howl Bitmap #cards 512 size 80 coarsen threshold 460 Card regions per heap region 1 cards per card region 2048
 CPUs: 12 total, 12 available
 Memory: 3767M
 Large Page Support: Disabled
 NUMA Support: Disabled
 Compressed Oops: Enabled (32-bit)
 Heap Region Size: 1M
 Heap Min Capacity: 8M
 Heap Initial Capacity: 60M
 Heap Max Capacity: 942M
 Pre-touch: Disabled
 Parallel Workers: 10
 Concurrent Workers: 3
 Concurrent Refinement Workers: 10
 Periodic GC: Disabled
Heap:
 garbage-first heap   total reserved 964608K, committed 98304K, used 32416K [0x00000000c5200000, 0x0000000100000000)
  region size 1024K, 15 young (15360K), 2 survivors (2048K)
 Metaspace       used 24157K, committed 24576K, reserved 1114112K
  class space    used 2894K, committed 3136K, reserved 1048576K
GC Heap History (16 events):
Event: 2.090 GC heap before
{Heap before GC invocations=0 (full 0):
 garbage-first heap   total reserved 964608K, committed 61440K, used 23552K [0x00000000c5200000, 0x0000000100000000)
  region size 1024K, 24 young (24576K), 0 survivors (0K)
 Metaspace       used 5529K, committed 5760K, reserved 1114112K
  class space    used 656K, committed 768K, reserved 1048576K
}
Event: 2.112 GC heap after
{Heap after GC invocations=1 (full 0):
 garbage-first heap   total reserved 964608K, committed 61440K, used 3808K [0x00000000c5200000, 0x0000000100000000)
  region size 1024K, 3 young (3072K), 3 survivors (3072K)
 Metaspace       used 5529K, committed 5760K, reserved 1114112K
  class space    used 656K, committed 768K, reserved 1048576K
}
Event: 3.398 GC heap before
{Heap before GC invocations=1 (full 0):
 garbage-first heap   total reserved 964608K, committed 61440K, used 33504K [0x00000000c5200000, 0x0000000100000000)
  region size 1024K, 32 young (32768K), 3 survivors (3072K)
 Metaspace       used 9340K, committed 9472K, reserved 1114112K
  class space    used 1123K, committed 1216K, reserved 1048576K
}
Event: 3.409 GC heap after
{Heap after GC invocations=2 (full 0):
 garbage-first heap   total reserved 964608K, committed 61440K, used 5472K [0x00000000c5200000, 0x0000000100000000)
  region size 1024K, 2 young (2048K), 2 survivors (2048K)
 Metaspace       used 9340K, committed 9472K, reserved 1114112K
  class space    used 1123K, committed 1216K, reserved 1048576K
}
Event: 5.365 GC heap before
{Heap before GC invocations=2 (full 0):
 garbage-first heap   total reserved 964608K, committed 61440K, used 40288K [0x00000000c5200000, 0x0000000100000000)
  region size 1024K, 36 young (36864K), 2 survivors (2048K)
 Metaspace       used 14475K, committed 14720K, reserved 1114112K
  class space    used 1776K, committed 1856K, reserved 1048576K
}
Event: 5.381 GC heap after
{Heap after GC invocations=3 (full 0):
 garbage-first heap   total reserved 964608K, committed 61440K, used 9628K [0x00000000c5200000, 0x0000000100000000)
  region size 1024K, 5 young (5120K), 5 survivors (5120K)
 Metaspace       used 14475K, committed 14720K, reserved 1114112K
  class space    used 1776K, committed 1856K, reserved 1048576K
}
Event: 7.012 GC heap before
{Heap before GC invocations=3 (full 0):
 garbage-first heap   total reserved 964608K, committed 61440K, used 41372K [0x00000000c5200000, 0x0000000100000000)
  region size 1024K, 36 young (36864K), 5 survivors (5120K)
 Metaspace       used 15296K, committed 15552K, reserved 1114112K
  class space    used 1846K, committed 1984K, reserved 1048576K
}
Event: 7.042 GC heap after
{Heap after GC invocations=4 (full 0):
 garbage-first heap   total reserved 964608K, committed 61440K, used 13652K [0x00000000c5200000, 0x0000000100000000)
  region size 1024K, 4 young (4096K), 4 survivors (4096K)
 Metaspace       used 15296K, committed 15552K, reserved 1114112K
  class space    used 1846K, committed 1984K, reserved 1048576K
}
Event: 9.288 GC heap before
{Heap before GC invocations=4 (full 0):
 garbage-first heap   total reserved 964608K, committed 61440K, used 46420K [0x00000000c5200000, 0x0000000100000000)
  region size 1024K, 36 young (36864K), 4 survivors (4096K)
 Metaspace       used 15736K, committed 16000K, reserved 1114112K
  class space    used 1865K, committed 1984K, reserved 1048576K
}
Event: 9.302 GC heap after
{Heap after GC invocations=5 (full 0):
 garbage-first heap   total reserved 964608K, committed 61440K, used 14447K [0x00000000c5200000, 0x0000000100000000)
  region size 1024K, 2 young (2048K), 2 survivors (2048K)
 Metaspace       used 15736K, committed 16000K, reserved 1114112K
  class space    used 1865K, committed 1984K, reserved 1048576K
}
Event: 9.828 GC heap before
{Heap before GC invocations=5 (full 0):
 garbage-first heap   total reserved 964608K, committed 61440K, used 32879K [0x00000000c5200000, 0x0000000100000000)
  region size 1024K, 13 young (13312K), 2 survivors (2048K)
 Metaspace       used 16690K, committed 17024K, reserved 1114112K
  class space    used 1981K, committed 2176K, reserved 1048576K
}
Event: 9.841 GC heap after
{Heap after GC invocations=6 (full 0):
 garbage-first heap   total reserved 964608K, committed 61440K, used 23299K [0x00000000c5200000, 0x0000000100000000)
  region size 1024K, 3 young (3072K), 3 survivors (3072K)
 Metaspace       used 16690K, committed 17024K, reserved 1114112K
  class space    used 1981K, committed 2176K, reserved 1048576K
}
Event: 9.844 GC heap before
{Heap before GC invocations=6 (full 0):
 garbage-first heap   total reserved 964608K, committed 61440K, used 35587K [0x00000000c5200000, 0x0000000100000000)
  region size 1024K, 4 young (4096K), 3 survivors (3072K)
 Metaspace       used 16693K, committed 17088K, reserved 1114112K
  class space    used 1981K, committed 2176K, reserved 1048576K
}
Event: 9.852 GC heap after
{Heap after GC invocations=7 (full 0):
 garbage-first heap   total reserved 964608K, committed 61440K, used 35708K [0x00000000c5200000, 0x0000000100000000)
  region size 1024K, 2 young (2048K), 2 survivors (2048K)
 Metaspace       used 16693K, committed 17088K, reserved 1114112K
  class space    used 1981K, committed 2176K, reserved 1048576K
}
Event: 11.919 GC heap before
{Heap before GC invocations=8 (full 0):
 garbage-first heap   total reserved 964608K, committed 81920K, used 68476K [0x00000000c5200000, 0x0000000100000000)
  region size 1024K, 21 young (21504K), 2 survivors (2048K)
 Metaspace       used 19159K, committed 19520K, reserved 1114112K
  class space    used 2264K, committed 2432K, reserved 1048576K
}
Event: 11.929 GC heap after
{Heap after GC invocations=9 (full 0):
 garbage-first heap   total reserved 964608K, committed 98304K, used 16032K [0x00000000c5200000, 0x0000000100000000)
  region size 1024K, 2 young (2048K), 2 survivors (2048K)
 Metaspace       used 19159K, committed 19520K, reserved 1114112K
  class space    used 2264K, committed 2432K, reserved 1048576K
}

